<?xml version="1.0" encoding="UTF-8"?>
<coverage generated="1776957754476" clover="3.2.0">
  <project timestamp="1776957754477" name="All files">
    <metrics statements="4" coveredstatements="4" conditionals="2" coveredconditionals="2" methods="5" coveredmethods="5" elements="11" coveredelements="11" complexity="0" loc="4" ncloc="4" packages="1" files="1" classes="1"/>
    <file name="appointmentLogic.js" path="/Users/silaghiandrei/IdeaProjects/orthomed/src/appointmentLogic.js">
      <metrics statements="4" coveredstatements="4" conditionals="2" coveredconditionals="2" methods="5" coveredmethods="5"/>
      <line num="2" count="1" type="stmt"/>
      <line num="4" count="1" type="stmt"/>
      <line num="6" count="1" type="stmt"/>
      <line num="7" count="2" type="cond" truecount="2" falsecount="0"/>
    </file>
  </project>
</coverage>
