{"/Users/silaghiandrei/IdeaProjects/orthomed/src/appointmentLogic.js": {"path":"/Users/silaghiandrei/IdeaProjects/orthomed/src/appointmentLogic.js","statementMap":{"0":{"start":{"line":2,"column":30},"end":{"line":2,"column":67}},"1":{"start":{"line":2,"column":49},"end":{"line":2,"column":67}},"2":{"start":{"line":4,"column":33},"end":{"line":4,"column":80}},"3":{"start":{"line":4,"column":47},"end":{"line":4,"column":80}},"4":{"start":{"line":4,"column":66},"end":{"line":4,"column":79}},"5":{"start":{"line":6,"column":33},"end":{"line":7,"column":66}},"6":{"start":{"line":7,"column":4},"end":{"line":7,"column":66}},"7":{"start":{"line":7,"column":20},"end":{"line":7,"column":65}}},"fnMap":{"0":{"name":"(anonymous_0)","decl":{"start":{"line":2,"column":30},"end":{"line":2,"column":31}},"loc":{"start":{"line":2,"column":49},"end":{"line":2,"column":67}},"line":2},"1":{"name":"(anonymous_1)","decl":{"start":{"line":4,"column":33},"end":{"line":4,"column":34}},"loc":{"start":{"line":4,"column":47},"end":{"line":4,"column":80}},"line":4},"2":{"name":"(anonymous_2)","decl":{"start":{"line":4,"column":59},"end":{"line":4,"column":62}},"loc":{"start":{"line":4,"column":66},"end":{"line":4,"column":79}},"line":4},"3":{"name":"(anonymous_3)","decl":{"start":{"line":6,"column":33},"end":{"line":6,"column":34}},"loc":{"start":{"line":7,"column":4},"end":{"line":7,"column":66}},"line":7},"4":{"name":"(anonymous_4)","decl":{"start":{"line":7,"column":13},"end":{"line":7,"column":16}},"loc":{"start":{"line":7,"column":20},"end":{"line":7,"column":65}},"line":7}},"branchMap":{"0":{"loc":{"start":{"line":7,"column":20},"end":{"line":7,"column":65}},"type":"cond-expr","locations":[{"start":{"line":7,"column":48},"end":{"line":7,"column":59}},{"start":{"line":7,"column":62},"end":{"line":7,"column":65}}],"line":7}},"s":{"0":1,"1":1,"2":1,"3":1,"4":1,"5":1,"6":1,"7":2},"f":{"0":1,"1":1,"2":1,"3":1,"4":2},"b":{"0":[1,1]},"meta":{"lastBranch":1,"lastFunction":5,"lastStatement":8,"seen":{"s:2:30:2:67":0,"f:2:30:2:31":0,"s:2:49:2:67":1,"s:4:33:4:80":2,"f:4:33:4:34":1,"s:4:47:4:80":3,"f:4:59:4:62":2,"s:4:66:4:79":4,"s:6:33:7:66":5,"f:6:33:6:34":3,"s:7:4:7:66":6,"f:7:13:7:16":4,"s:7:20:7:65":7,"b:7:48:7:59:7:62:7:65":0}}}
}
